[2024-08-15T22:18:07.251] [INFO] app - Connected successfully to server
[2024-08-15T22:18:41.865] [INFO] [MONGODB] - Connected successfully to mongodb server
[2024-08-15T22:20:53.622] [INFO] [MONGODB] - Connected successfully to mongodb server
[2024-08-15T22:21:01.236] [MARK] [RECORD] - Response time is: 2ms  Path /public/login  Ip ::1
[2024-08-15T22:23:09.534] [INFO] [MONGODB] - Connected successfully to mongodb server
[2024-08-15T22:23:09.540] [INFO] RECORD - Server are listening port 114514
[2024-08-15T22:23:16.783] [INFO] [RECORD] - Response time is: 1ms  Path /public/login  Ip ::1
[2024-08-15T22:51:04.640] [INFO] [MONGODB] - Connected successfully to mongodb server
[2024-08-15T22:51:04.646] [INFO] [RECORD] - Server are listening port 114514
[2024-08-15T22:51:23.919] [INFO] [RECORD] - Response time is: 2ms  Path /public/login  Ip ::1
[2024-08-15T22:56:19.886] [INFO] [MONGODB] - Connected successfully to mongodb server
[2024-08-15T22:56:19.892] [INFO] [RECORD] - Server are listening port 114514
[2024-08-15T22:56:20.344] [INFO] [RECORD] - Response time is: 1ms  Path /public/login  Ip ::1
[2024-08-15T22:56:21.645] [INFO] [RECORD] - Response time is: 1ms  Path /public/login  Ip ::1
[2024-08-15T22:56:22.476] [INFO] [RECORD] - Response time is: 1ms  Path /public/login  Ip ::1
[2024-08-15T22:56:23.062] [INFO] [RECORD] - Response time is: 1ms  Path /public/login  Ip ::1
[2024-08-15T22:56:40.039] [INFO] [MONGODB] - Connected successfully to mongodb server
[2024-08-15T22:56:40.045] [INFO] [RECORD] - Server are listening port 114514
[2024-08-15T22:56:40.889] [INFO] [RECORD] - Response time is: 2ms  Path /public/login  Ip ::1
[2024-08-15T22:56:41.911] [INFO] [RECORD] - Response time is: 1ms  Path /public/login  Ip ::1
[2024-08-15T22:56:42.881] [INFO] [RECORD] - Response time is: 0ms  Path /public/login  Ip ::1
[2024-08-15T22:56:44.653] [INFO] [RECORD] - Response time is: 0ms  Path /public/login  Ip ::1
[2024-08-15T23:05:43.274] [INFO] [RECORD] - Response time is: 0ms  Path /public/login  Ip ::1
[2024-08-15T23:08:10.572] [INFO] [MONGODB] - Connected successfully to mongodb server
[2024-08-15T23:08:10.577] [INFO] [RECORD] - Server are listening port 114514
[2024-08-15T23:08:10.855] [INFO] [RECORD] - Response time is: 2ms  Path /public/login  Ip ::1
[2024-08-15T23:08:11.864] [INFO] [RECORD] - Response time is: 2ms  Path /public/login  Ip ::1
[2024-08-15T23:08:12.622] [INFO] [RECORD] - Response time is: 0ms  Path /public/login  Ip ::1
[2024-08-15T23:08:13.193] [INFO] [RECORD] - Response time is: 1ms  Path /public/login  Ip ::1
[2024-08-15T23:08:13.684] [INFO] [RECORD] - Response time is: 1ms  Path /public/login  Ip ::1
[2024-08-15T23:08:14.114] [INFO] [RECORD] - Response time is: 1ms  Path /public/login  Ip ::1
[2024-08-15T23:08:14.628] [INFO] [RECORD] - Response time is: 1ms  Path /public/login  Ip ::1
[2024-08-15T23:08:15.154] [INFO] [RECORD] - Response time is: 1ms  Path /public/login  Ip ::1
[2024-08-15T23:08:15.591] [INFO] [RECORD] - Response time is: 1ms  Path /public/login  Ip ::1
[2024-08-15T23:10:22.735] [INFO] [RECORD] - Response time is: 1ms  Path /public/login  Ip ::1
[2024-08-15T23:10:26.541] [INFO] [RECORD] - Response time is: 1ms  Path /public/login  Ip ::1
[2024-08-15T23:10:27.360] [INFO] [RECORD] - Response time is: 1ms  Path /public/login  Ip ::1
[2024-08-15T23:10:28.008] [INFO] [RECORD] - Response time is: 1ms  Path /public/login  Ip ::1
[2024-08-15T23:10:28.549] [INFO] [RECORD] - Response time is: 1ms  Path /public/login  Ip ::1
[2024-08-15T23:10:29.071] [INFO] [RECORD] - Response time is: 1ms  Path /public/login  Ip ::1
[2024-08-15T23:10:35.326] [INFO] [RECORD] - Response time is: 3237ms  Path /public/login  Ip ::1
[2024-08-15T23:10:56.423] [INFO] [MONGODB] - Connected successfully to mongodb server
[2024-08-15T23:10:56.429] [INFO] [RECORD] - Server are listening port 114514
[2024-08-15T23:10:56.814] [INFO] [RECORD] - Response time is: 3ms  Path /public/login  Ip ::1
[2024-08-15T23:10:57.996] [INFO] [RECORD] - Response time is: 1ms  Path /public/login  Ip ::1
[2024-08-15T23:26:54.256] [INFO] [MONGODB] - Connected successfully to mongodb server
[2024-08-15T23:26:54.262] [INFO] [RECORD] - Server are listening port 114514
[2024-08-15T23:27:56.772] [INFO] [MONGODB] - Connected successfully to mongodb server
[2024-08-15T23:27:56.778] [INFO] [RECORD] - Server are listening port 114514
[2024-08-15T23:28:02.305] [INFO] [RECORD] - Response time is: 8ms  Path /public/login  Ip ::1
[2024-08-15T23:33:36.518] [INFO] [MONGODB] - Connected successfully to mongodb server
[2024-08-15T23:33:36.524] [INFO] [RECORD] - Server are listening port 114514
[2024-08-15T23:38:39.187] [INFO] [MONGODB] - Connected successfully to mongodb server
[2024-08-15T23:38:39.192] [INFO] [RECORD] - Server are listening port 114514
[2024-08-15T23:39:04.049] [INFO] [RECORD] - Response time is: 6ms  Path /public/login  Ip ::1
[2024-08-15T23:39:22.249] [INFO] [RECORD] - Response time is: 1ms  Path /public/login3  Ip ::1
[2024-08-15T23:40:18.395] [INFO] [MONGODB] - Connected successfully to mongodb server
[2024-08-15T23:40:18.400] [INFO] [RECORD] - Server are listening port 114514
[2024-08-15T23:40:19.447] [INFO] [RECORD] - Response time is: 1ms  Path /.well-known/jwks.json  Ip ::1
[2024-08-15T23:40:20.298] [INFO] [RECORD] - Response time is: 0ms  Path /.well-known/jwks.json  Ip ::1
[2024-08-15T23:40:20.971] [INFO] [RECORD] - Response time is: 0ms  Path /.well-known/jwks.json  Ip ::1
[2024-08-15T23:46:02.348] [INFO] [MONGODB] - Connected successfully to mongodb server
[2024-08-15T23:46:02.354] [INFO] [RECORD] - Server are listening port 114514
[2024-08-15T23:46:02.364] [INFO] [RECORD] - Response time is: 1ms  Path /.well-known/jwks.json  Ip ::ffff:127.0.0.1
[2024-08-15T23:46:36.895] [INFO] [MONGODB] - Connected successfully to mongodb server
[2024-08-15T23:46:36.901] [INFO] [RECORD] - Server are listening port 114514
[2024-08-15T23:46:36.910] [INFO] [RECORD] - Response time is: 2ms  Path /.well-known/jwks.json  Ip ::ffff:127.0.0.1
[2024-08-15T23:50:35.386] [INFO] [MONGODB] - Connected successfully to mongodb server
[2024-08-15T23:50:35.391] [INFO] [RECORD] - Server are listening port 114514
[2024-08-15T23:50:35.401] [INFO] [RECORD] - Response time is: 1ms  Path /.well-known/jwks.json  Ip ::ffff:127.0.0.1
[2024-08-16T00:07:11.585] [INFO] [MONGODB] - Connected successfully to mongodb server
[2024-08-16T00:07:11.590] [INFO] [RECORD] - Server are listening port 114514
[2024-08-16T00:08:25.329] [INFO] [MONGODB] - Connected successfully to mongodb server
[2024-08-16T00:09:59.666] [INFO] [MONGODB] - Connected successfully to mongodb server
[2024-08-16T00:09:59.672] [INFO] [RECORD] - Server are listening port 114514
[2024-08-16T00:10:13.957] [INFO] [MONGODB] - Connected successfully to mongodb server
[2024-08-16T00:10:13.962] [INFO] [RECORD] - Server are listening port 114514
[2024-08-16T00:17:11.992] [INFO] [MONGODB] - Connected successfully to mongodb server
[2024-08-16T00:17:11.999] [INFO] [RECORD] - Server are listening port 114514
[2024-08-16T00:17:26.554] [INFO] [MONGODB] - Connected successfully to mongodb server
[2024-08-16T00:17:26.559] [INFO] [RECORD] - Server are listening port 114514
[2024-08-16T00:18:11.951] [INFO] [MONGODB] - Connected successfully to mongodb server
[2024-08-16T00:18:11.956] [INFO] [RECORD] - Server are listening port 114514
[2024-08-16T00:50:39.558] [INFO] [MONGODB] - Connected successfully to mongodb server
[2024-08-16T00:50:39.563] [INFO] [RECORD] - Server are listening port 114514
[2024-08-16T00:51:15.920] [INFO] [MONGODB] - Connected successfully to mongodb server
[2024-08-16T00:51:15.925] [INFO] [RECORD] - Server are listening port 114514
[2024-08-16T00:51:24.507] [INFO] [MONGODB] - Connected successfully to mongodb server
[2024-08-16T00:51:24.512] [INFO] [RECORD] - Server are listening port 114514
[2024-08-16T00:52:03.768] [INFO] [MONGODB] - Connected successfully to mongodb server
[2024-08-16T00:52:03.773] [INFO] [RECORD] - Server are listening port 114514
[2024-08-16T00:57:03.876] [INFO] [MONGODB] - Connected successfully to mongodb server
[2024-08-16T00:57:03.881] [INFO] [RECORD] - Server are listening port 114514
[2024-08-16T00:58:26.478] [INFO] [MONGODB] - Connected successfully to mongodb server
[2024-08-16T00:58:26.484] [INFO] [RECORD] - Server are listening port 114514
[2024-08-16T00:59:23.323] [INFO] [MONGODB] - Connected successfully to mongodb server
[2024-08-16T00:59:23.328] [INFO] [RECORD] - Server are listening port 114514
[2024-08-16T01:00:26.843] [INFO] [MONGODB] - Connected successfully to mongodb server
[2024-08-16T01:00:26.849] [INFO] [RECORD] - Server are listening port 114514
[2024-08-16T01:02:51.069] [INFO] [MONGODB] - Connected successfully to mongodb server
[2024-08-16T01:02:51.074] [INFO] [RECORD] - Server are listening port 114514
[2024-08-16T01:03:24.462] [INFO] [MONGODB] - Connected successfully to mongodb server
[2024-08-16T01:03:24.466] [INFO] [RECORD] - Server are listening port 114514
[2024-08-16T01:03:37.104] [INFO] [MONGODB] - Connected successfully to mongodb server
[2024-08-16T01:03:37.109] [INFO] [RECORD] - Server are listening port 114514
[2024-08-16T01:04:06.529] [INFO] [MONGODB] - Connected successfully to mongodb server
[2024-08-16T01:04:06.534] [INFO] [RECORD] - Server are listening port 114514
[2024-08-16T01:07:02.610] [INFO] [MONGODB] - Connected successfully to mongodb server
[2024-08-16T01:07:18.923] [INFO] [MONGODB] - Connected successfully to mongodb server
[2024-08-16T01:07:18.927] [INFO] [RECORD] - Server are listening port 114514
[2024-08-16T01:07:35.189] [INFO] [MONGODB] - Connected successfully to mongodb server
[2024-08-16T01:07:35.193] [INFO] [RECORD] - Server are listening port 114514
[2024-08-16T01:07:51.559] [INFO] [MONGODB] - Connected successfully to mongodb server
[2024-08-16T01:07:51.564] [INFO] [RECORD] - Server are listening port 114514
[2024-08-16T01:08:08.520] [INFO] [MONGODB] - Connected successfully to mongodb server
[2024-08-16T01:08:08.524] [INFO] [RECORD] - Server are listening port 114514
[2024-08-16T01:15:36.429] [INFO] [MONGODB] - Connected successfully to mongodb server
[2024-08-16T01:15:36.588] [INFO] [RECORD] - Server are listening port 114514
[2024-08-16T01:15:38.364] [INFO] [RECORD] - Response time is: 1ms  Path /.well-known/jwks.json  Ip ::1
[2024-08-16T01:15:41.622] [INFO] [RECORD] - Response time is: 1ms  Path /.well-known/jwks.json  Ip ::1
[2024-08-16T01:15:44.310] [INFO] [RECORD] - Response time is: 1ms  Path /.well-known/jwks.json  Ip ::1
[2024-08-16T01:17:01.373] [INFO] [MONGODB] - Connected successfully to mongodb server
[2024-08-16T01:17:01.473] [INFO] [RECORD] - Server are listening port 114514
[2024-08-16T01:17:05.408] [INFO] [RECORD] - Response time is: 2ms  Path /.well-known/jwks.json  Ip ::1
[2024-08-16T01:17:37.821] [INFO] [MONGODB] - Connected successfully to mongodb server
[2024-08-16T01:17:37.916] [INFO] [RECORD] - Server are listening port 114514
[2024-08-16T01:17:40.487] [INFO] [RECORD] - Response time is: 2ms  Path /.well-known/jwks.json  Ip ::1
[2024-08-16T01:18:28.493] [INFO] [MONGODB] - Connected successfully to mongodb server
[2024-08-16T01:18:28.592] [INFO] [RECORD] - Server are listening port 114514
[2024-08-16T01:18:31.453] [INFO] [RECORD] - Response time is: 2ms  Path /.well-known/jwks.json
[2024-08-16T01:18:32.298] [INFO] [RECORD] - Response time is: 1ms  Path /.well-known/jwks.json
[2024-08-16T01:18:32.925] [INFO] [RECORD] - Response time is: 0ms  Path /.well-known/jwks.json
[2024-08-16T01:18:33.683] [INFO] [RECORD] - Response time is: 1ms  Path /.well-known/jwks.json
[2024-08-16T01:18:36.154] [INFO] [RECORD] - Response time is: 1ms  Path /.well-known/jwks.json
[2024-08-16T01:18:55.106] [INFO] [RECORD] - Response time is: 0ms  Path /public/login
[2024-08-16T01:19:12.229] [INFO] [RECORD] - Response time is: 3ms  Path /public/login
[2024-08-16T01:19:39.041] [INFO] [RECORD] - Response time is: 1ms  Path /public/login
[2024-08-16T01:19:57.426] [INFO] [MONGODB] - Connected successfully to mongodb server
[2024-08-16T01:19:57.862] [INFO] [RECORD] - Server are listening port 114514
[2024-08-16T01:19:58.323] [INFO] [RECORD] - Response time is: 5ms  Path /public/login
[2024-08-16T01:21:07.423] [INFO] [RECORD] - Response time is: 1ms  Path /.well-known/jwks.json
[2024-08-16T01:21:23.175] [INFO] [RECORD] - Response time is: 3ms  Path /public/login
[2024-08-16T01:21:54.201] [INFO] [RECORD] - Response time is: 2ms  Path /public/login
[2024-08-16T01:21:58.855] [INFO] [RECORD] - Response time is: 1ms  Path /.well-known/jwks.json
[2024-08-16T01:22:13.424] [INFO] [RECORD] - Response time is: 0ms  Path /.well-known/jwks.json
[2024-08-16T01:22:58.570] [INFO] [MONGODB] - Connected successfully to mongodb server
[2024-08-16T01:22:58.666] [INFO] [RECORD] - Server are listening port 114514
[2024-08-16T01:23:02.377] [INFO] [RECORD] - Response time is: 1ms  Path /.well-known/jwks.json
[2024-08-16T01:23:09.718] [INFO] [RECORD] - Response time is: 4ms  Path /public/login
[2024-08-16T01:23:17.224] [INFO] [RECORD] - Response time is: 2ms  Path /public/login
[2024-08-16T01:23:20.605] [INFO] [RECORD] - Response time is: 0ms  Path /.well-known/jwks.json
[2024-08-16T01:23:25.834] [INFO] [RECORD] - Response time is: 0ms  Path /.well-known/jwks.json
[2024-08-16T01:24:56.508] [INFO] [MONGODB] - Connected successfully to mongodb server
[2024-08-16T01:25:30.702] [INFO] [MONGODB] - Connected successfully to mongodb server
[2024-08-16T01:25:30.853] [INFO] [RECORD] - Server are listening port 114514
[2024-08-16T01:25:35.977] [INFO] [RECORD] - Response time is: 2ms  Path /.well-known/jwks.json
[2024-08-16T01:25:43.260] [INFO] [RECORD] - Response time is: 4ms  Path /public/login
[2024-08-16T01:26:15.720] [INFO] [RECORD] - Response time is: 2ms  Path /public/login
[2024-08-16T01:26:18.162] [INFO] [RECORD] - Response time is: 1ms  Path /.well-known/jwks.json
[2024-08-16T01:26:47.325] [INFO] [MONGODB] - Connected successfully to mongodb server
[2024-08-16T01:26:47.469] [INFO] [RECORD] - Server are listening port 114514
[2024-08-16T01:26:51.977] [INFO] [RECORD] - Response time is: 5ms  Path /public/login
[2024-08-16T01:27:05.306] [INFO] [RECORD] - Response time is: 1ms  Path /.well-known/jwks.json
[2024-08-16T01:32:28.830] [INFO] [MONGODB] - Connected successfully to mongodb server
[2024-08-16T01:32:28.941] [INFO] [RECORD] - Server are listening port 114514
[2024-08-16T01:34:19.065] [INFO] [MONGODB] - Connected successfully to mongodb server
[2024-08-16T01:34:19.229] [INFO] [RECORD] - Server are listening port 114514
[2024-08-16T01:34:23.479] [INFO] [RECORD] - Response time is: 6ms  Path /public/login
[2024-08-16T01:34:36.843] [INFO] [RECORD] - Response time is: 1ms  Path /.well-known/jwks.json
[2024-08-16T01:37:48.427] [INFO] [RECORD] - Response time is: 1ms  Path /.well-known/jwks.json
[2024-08-16T01:37:53.914] [INFO] [RECORD] - Response time is: 3ms  Path /public/login
[2024-08-16T01:38:06.075] [INFO] [RECORD] - Response time is: 0ms  Path /.well-known/jwks.json
[2024-08-16T01:39:25.358] [INFO] [RECORD] - Response time is: 0ms  Path /.well-known/jwks.json
[2024-08-16T01:39:55.747] [INFO] [RECORD] - Response time is: 0ms  Path /.well-known/jwks.json
[2024-08-16T01:40:09.338] [INFO] [RECORD] - Response time is: 0ms  Path /.well-known/jwks.json
[2024-08-16T01:40:09.961] [INFO] [RECORD] - Response time is: 0ms  Path /.well-known/jwks.json
[2024-08-16T01:40:10.563] [INFO] [RECORD] - Response time is: 0ms  Path /.well-known/jwks.json
[2024-08-16T01:41:32.902] [INFO] [MONGODB] - Connected successfully to mongodb server
[2024-08-16T01:41:33.018] [INFO] [RECORD] - Server are listening port 114514
[2024-08-16T01:41:39.359] [INFO] [RECORD] - Response time is: 3ms  Path /.well-known/jwks.json
[2024-08-16T01:41:45.395] [INFO] [RECORD] - Response time is: 5ms  Path /public/login
[2024-08-16T01:41:55.774] [INFO] [RECORD] - Response time is: 2ms  Path /public/login
[2024-08-16T01:42:00.208] [INFO] [RECORD] - Response time is: 1ms  Path /.well-known/jwks.json
[2024-08-16T01:42:06.513] [INFO] [RECORD] - Response time is: 0ms  Path /.well-known/jwks.json
[2024-08-16T01:43:56.089] [INFO] [MONGODB] - Connected successfully to mongodb server
[2024-08-16T01:43:56.169] [INFO] [RECORD] - Server are listening port 114514
[2024-08-16T01:44:00.214] [INFO] [RECORD] - Response time is: 7ms  Path /public/login
[2024-08-16T01:44:08.868] [INFO] [RECORD] - Response time is: 3ms  Path /public/login
[2024-08-16T01:44:12.017] [INFO] [RECORD] - Response time is: 1ms  Path /.well-known/jwks.json
[2024-08-16T01:44:23.415] [INFO] [RECORD] - Response time is: 1ms  Path /.well-known/jwks.json
[2024-08-16T01:57:08.999] [INFO] [MONGODB] - Connected successfully to mongodb server
[2024-08-16T01:57:09.132] [INFO] [RECORD] - Server are listening port 114514
[2024-08-16T02:04:26.316] [INFO] [RECORD] - Response time is: 2ms  Path /.well-known/jwks.json
[2024-08-16T02:06:07.054] [INFO] [RECORD] - Response time is: 0ms  Path /.well-known/jwks.json
[2024-08-16T02:06:12.026] [INFO] [RECORD] - Response time is: 4ms  Path /public/login
[2024-08-16T02:08:37.084] [INFO] [MONGODB] - Connected successfully to mongodb server
[2024-08-16T02:08:37.577] [INFO] [RECORD] - Server are listening port 114514
[2024-08-16T02:09:06.402] [INFO] [RECORD] - Response time is: 5ms  Path /public/login
[2024-08-16T02:09:18.600] [INFO] [RECORD] - Response time is: 1ms  Path /.well-known/jwks.json
[2024-08-16T02:09:22.489] [INFO] [RECORD] - Response time is: 0ms  Path /.well-known/jwks.json
[2024-08-16T02:09:57.288] [INFO] [RECORD] - Response time is: 1ms  Path /.well-known/jwks.json
[2024-08-16T02:10:52.458] [INFO] [MONGODB] - Connected successfully to mongodb server
[2024-08-16T02:10:52.587] [INFO] [RECORD] - Server are listening port 114514
[2024-08-16T02:11:18.987] [INFO] [RECORD] - Response time is: 5ms  Path /public/login
[2024-08-16T02:11:30.954] [INFO] [RECORD] - Response time is: 1ms  Path /.well-known/jwks.json
[2024-08-16T02:11:30.960] [INFO] [RECORD] - Response time is: 12ms  Path /p1ublic/login
[2024-08-16T02:12:30.826] [INFO] [RECORD] - Response time is: 0ms  Path /.well-known/jwks.json
[2024-08-16T02:17:52.590] [INFO] [MONGODB] - Connected successfully to mongodb server
[2024-08-16T02:17:52.743] [INFO] [RECORD] - Server are listening port 114514
[2024-08-16T02:18:31.565] [INFO] [RECORD] - Response time is: 4ms  Path /public/login
[2024-08-16T02:18:40.969] [INFO] [RECORD] - Response time is: 1ms  Path /.well-known/jwks.json
[2024-08-16T02:18:49.880] [INFO] [RECORD] - Response time is: 0ms  Path /.well-known/jwks.json
[2024-08-16T03:13:41.275] [INFO] [MONGODB] - Connected successfully to mongodb server
[2024-08-16T03:13:41.375] [INFO] [RECORD] - Server are listening port 114514
[2024-08-16T03:13:51.439] [INFO] [MONGODB] - Connected successfully to mongodb server
[2024-08-16T03:13:51.542] [INFO] [RECORD] - Server are listening port 114514
[2024-08-16T03:14:30.023] [INFO] [MONGODB] - Connected successfully to mongodb server
[2024-08-16T03:14:30.123] [INFO] [RECORD] - Server are listening port 114514
[2024-08-16T03:14:48.087] [INFO] [MONGODB] - Connected successfully to mongodb server
[2024-08-16T03:14:48.213] [INFO] [RECORD] - Server are listening port 114514
[2024-08-16T03:14:56.709] [INFO] [MONGODB] - Connected successfully to mongodb server
[2024-08-16T03:14:56.768] [INFO] [RECORD] - Server are listening port 114514
[2024-08-16T03:15:04.400] [INFO] [MONGODB] - Connected successfully to mongodb server
[2024-08-16T03:15:04.470] [INFO] [RECORD] - Server are listening port 114514
[2024-08-16T03:15:48.902] [INFO] [MONGODB] - Connected successfully to mongodb server
[2024-08-16T03:15:48.979] [INFO] [RECORD] - Server are listening port 114514
[2024-08-16T03:15:57.840] [INFO] [MONGODB] - Connected successfully to mongodb server
[2024-08-16T03:15:57.945] [INFO] [RECORD] - Server are listening port 114514
[2024-08-16T03:16:15.696] [INFO] [MONGODB] - Connected successfully to mongodb server
[2024-08-16T03:16:15.785] [INFO] [RECORD] - Server are listening port 114514
[2024-08-16T03:17:03.018] [INFO] [MONGODB] - Connected successfully to mongodb server
[2024-08-16T03:17:03.157] [INFO] [RECORD] - Server are listening port 114514
[2024-08-16T03:17:17.908] [INFO] [MONGODB] - Connected successfully to mongodb server
[2024-08-16T03:17:18.189] [INFO] [RECORD] - Server are listening port 114514
[2024-08-16T03:21:33.048] [INFO] [MONGODB] - Connected successfully to mongodb server
[2024-08-16T03:21:33.160] [INFO] [RECORD] - Server are listening port 114514
[2024-08-16T03:23:36.614] [INFO] [MONGODB] - Connected successfully to mongodb server
[2024-08-16T03:23:36.692] [INFO] [RECORD] - Server are listening port 114514
[2024-08-16T03:23:54.521] [INFO] [MONGODB] - Connected successfully to mongodb server
[2024-08-16T03:23:54.669] [INFO] [RECORD] - Server are listening port 114514
[2024-08-16T03:24:04.013] [INFO] [RECORD] - Response time is: 1ms  Path /public/register
[2024-08-16T03:24:11.448] [INFO] [RECORD] - Response time is: 1ms  Path /public/register
[2024-08-16T03:24:15.546] [INFO] [RECORD] - Response time is: 0ms  Path /public/register
[2024-08-16T03:24:54.671] [INFO] [RECORD] - Response time is: 0ms  Path /public/register
[2024-08-16T03:25:56.234] [INFO] [MONGODB] - Connected successfully to mongodb server
[2024-08-16T03:25:56.427] [INFO] [RECORD] - Server are listening port 114514
[2024-08-16T03:25:57.625] [INFO] [RECORD] - Response time is: 1ms  Path /public/register
[2024-08-16T03:25:58.356] [INFO] [RECORD] - Response time is: 0ms  Path /public/register
[2024-08-16T03:25:58.911] [INFO] [RECORD] - Response time is: 1ms  Path /public/register
[2024-08-16T03:25:59.339] [INFO] [RECORD] - Response time is: 0ms  Path /public/register
[2024-08-16T03:26:04.050] [INFO] [RECORD] - Response time is: 2212ms  Path /public/register
[2024-08-16T03:27:17.063] [INFO] [MONGODB] - Connected successfully to mongodb server
[2024-08-16T03:27:17.178] [INFO] [RECORD] - Server are listening port 114514
[2024-08-16T03:28:10.773] [INFO] [MONGODB] - Connected successfully to mongodb server
[2024-08-16T03:28:10.933] [INFO] [RECORD] - Server are listening port 114514
[2024-08-16T03:28:12.043] [INFO] [RECORD] - Response time is: 1ms  Path /public/register
[2024-08-16T03:28:14.831] [INFO] [RECORD] - Response time is: 1ms  Path /public/register
[2024-08-16T03:28:15.735] [INFO] [RECORD] - Response time is: 0ms  Path /public/register
[2024-08-16T03:28:17.296] [INFO] [RECORD] - Response time is: 1ms  Path /public/register
[2024-08-16T03:28:28.552] [INFO] [RECORD] - Response time is: 7001ms  Path /public/register
[2024-08-16T03:28:41.239] [INFO] [RECORD] - Response time is: 1ms  Path /public/register
[2024-08-16T03:29:49.748] [INFO] [MONGODB] - Connected successfully to mongodb server
[2024-08-16T03:29:49.815] [INFO] [RECORD] - Server are listening port 114514
[2024-08-16T03:31:27.593] [INFO] [MONGODB] - Connected successfully to mongodb server
[2024-08-16T03:31:27.735] [INFO] [RECORD] - Server are listening port 114514
[2024-08-16T03:31:50.682] [INFO] [MONGODB] - Connected successfully to mongodb server
[2024-08-16T03:31:50.738] [INFO] [RECORD] - Server are listening port 114514
[2024-08-16T03:32:28.311] [INFO] [MONGODB] - Connected successfully to mongodb server
[2024-08-16T03:32:28.620] [INFO] [RECORD] - Server are listening port 114514
[2024-08-16T03:33:31.077] [INFO] [MONGODB] - Connected successfully to mongodb server
[2024-08-16T03:33:31.420] [INFO] [RECORD] - Server are listening port 114514
[2024-08-16T03:33:33.702] [INFO] [RECORD] - Response time is: 2ms  Path /public/register
[2024-08-16T03:33:35.600] [INFO] [RECORD] - Response time is: 0ms  Path /public/register
[2024-08-16T03:33:36.499] [INFO] [RECORD] - Response time is: 0ms  Path /public/register
[2024-08-16T03:33:37.097] [INFO] [RECORD] - Response time is: 0ms  Path /public/register
[2024-08-16T03:33:44.197] [INFO] [RECORD] - Response time is: 1ms  Path /public/register
[2024-08-16T03:34:10.929] [INFO] [MONGODB] - Connected successfully to mongodb server
[2024-08-16T03:34:10.993] [INFO] [RECORD] - Server are listening port 114514
[2024-08-16T03:34:14.431] [INFO] [RECORD] - Response time is: 3ms  Path /public/register
[2024-08-16T03:34:20.815] [INFO] [RECORD] - Response time is: 0ms  Path /public/register
[2024-08-16T03:34:42.583] [INFO] [MONGODB] - Connected successfully to mongodb server
[2024-08-16T03:34:42.642] [INFO] [RECORD] - Server are listening port 114514
[2024-08-16T03:34:43.103] [INFO] [RECORD] - Response time is: 2ms  Path /public/register
[2024-08-16T03:34:44.098] [INFO] [RECORD] - Response time is: 0ms  Path /public/register
[2024-08-16T03:34:45.168] [INFO] [RECORD] - Response time is: 1ms  Path /public/register
[2024-08-16T03:34:45.871] [INFO] [RECORD] - Response time is: 0ms  Path /public/register
[2024-08-16T03:34:46.313] [INFO] [RECORD] - Response time is: 1ms  Path /public/register
[2024-08-16T03:34:56.524] [INFO] [MONGODB] - Connected successfully to mongodb server
[2024-08-16T03:34:56.718] [INFO] [RECORD] - Server are listening port 114514
[2024-08-16T03:34:59.069] [INFO] [RECORD] - Response time is: 2ms  Path /public/register
[2024-08-16T03:35:00.473] [INFO] [RECORD] - Response time is: 1ms  Path /public/register
[2024-08-16T03:35:13.616] [INFO] [RECORD] - Response time is: 2029ms  Path /public/register
[2024-08-16T03:35:16.783] [INFO] [RECORD] - Response time is: 1ms  Path /public/register
[2024-08-16T03:35:17.684] [INFO] [RECORD] - Response time is: 1ms  Path /public/register
[2024-08-16T03:35:21.012] [INFO] [RECORD] - Response time is: 0ms  Path /public/register
[2024-08-16T03:35:21.843] [INFO] [RECORD] - Response time is: 0ms  Path /public/register
[2024-08-16T03:35:38.588] [INFO] [RECORD] - Response time is: 0ms  Path /public/register
[2024-08-16T03:36:15.702] [INFO] [MONGODB] - Connected successfully to mongodb server
[2024-08-16T03:36:16.120] [INFO] [RECORD] - Server are listening port 114514
[2024-08-16T03:36:17.309] [INFO] [RECORD] - Response time is: 2ms  Path /public/register
[2024-08-16T03:36:50.823] [INFO] [MONGODB] - Connected successfully to mongodb server
[2024-08-16T03:36:50.883] [INFO] [RECORD] - Server are listening port 114514
[2024-08-16T03:36:52.563] [INFO] [RECORD] - Response time is: 3ms  Path /public/register
[2024-08-16T03:36:53.753] [INFO] [RECORD] - Response time is: 0ms  Path /public/register
[2024-08-16T03:37:01.013] [INFO] [RECORD] - Response time is: 1ms  Path /public/register
[2024-08-16T03:37:10.699] [INFO] [MONGODB] - Connected successfully to mongodb server
[2024-08-16T03:37:10.760] [INFO] [RECORD] - Server are listening port 114514
[2024-08-16T03:37:12.196] [INFO] [RECORD] - Response time is: 2ms  Path /public/register
[2024-08-16T03:37:35.898] [INFO] [MONGODB] - Connected successfully to mongodb server
[2024-08-16T03:37:36.002] [INFO] [RECORD] - Server are listening port 114514
[2024-08-16T03:38:25.110] [INFO] [MONGODB] - Connected successfully to mongodb server
[2024-08-16T03:38:25.316] [INFO] [RECORD] - Server are listening port 114514
[2024-08-16T03:39:08.732] [INFO] [MONGODB] - Connected successfully to mongodb server
[2024-08-16T03:39:08.801] [INFO] [RECORD] - Server are listening port 114514
[2024-08-16T03:39:45.702] [INFO] [MONGODB] - Connected successfully to mongodb server
[2024-08-16T03:39:45.811] [INFO] [RECORD] - Server are listening port 114514
[2024-08-16T03:40:38.241] [INFO] [MONGODB] - Connected successfully to mongodb server
[2024-08-16T03:40:38.303] [INFO] [RECORD] - Server are listening port 114514
[2024-08-16T03:40:40.358] [INFO] [RECORD] - Response time is: 2ms  Path /public/register
[2024-08-16T03:40:41.400] [INFO] [RECORD] - Response time is: 0ms  Path /public/register
[2024-08-16T03:40:42.141] [INFO] [RECORD] - Response time is: 0ms  Path /public/register
[2024-08-16T03:40:42.848] [INFO] [RECORD] - Response time is: 0ms  Path /public/register
[2024-08-16T03:40:43.407] [INFO] [RECORD] - Response time is: 0ms  Path /public/register
[2024-08-16T03:40:43.937] [INFO] [RECORD] - Response time is: 1ms  Path /public/register
[2024-08-16T03:40:44.724] [INFO] [RECORD] - Response time is: 0ms  Path /public/register
[2024-08-16T03:40:45.422] [INFO] [RECORD] - Response time is: 0ms  Path /public/register
[2024-08-16T03:40:45.997] [INFO] [RECORD] - Response time is: 1ms  Path /public/register
[2024-08-16T03:40:46.587] [INFO] [RECORD] - Response time is: 1ms  Path /public/register
[2024-08-16T03:40:47.159] [INFO] [RECORD] - Response time is: 0ms  Path /public/register
[2024-08-16T03:40:53.344] [INFO] [RECORD] - Response time is: 1ms  Path /public/register
[2024-08-16T03:41:05.098] [INFO] [RECORD] - Response time is: 1ms  Path /public/register
[2024-08-16T03:41:43.013] [INFO] [RECORD] - Response time is: 0ms  Path /public/register
[2024-08-16T03:43:01.206] [INFO] [MONGODB] - Connected successfully to mongodb server
[2024-08-16T03:43:01.391] [INFO] [RECORD] - Server are listening port 114514
[2024-08-16T03:43:02.054] [INFO] [RECORD] - Response time is: 2ms  Path /public/register
[2024-08-16T03:43:09.394] [INFO] [RECORD] - Response time is: 1ms  Path /public/register
[2024-08-16T03:43:10.078] [INFO] [RECORD] - Response time is: 0ms  Path /public/register
[2024-08-16T03:43:21.309] [INFO] [RECORD] - Response time is: 0ms  Path /public/register
[2024-08-16T03:45:42.614] [INFO] [MONGODB] - Connected successfully to mongodb server
[2024-08-16T03:45:42.740] [INFO] [RECORD] - Server are listening port 114514
[2024-08-16T03:45:45.770] [INFO] [RECORD] - Response time is: 1ms  Path /public/register
[2024-08-16T03:46:19.452] [INFO] [MONGODB] - Connected successfully to mongodb server
[2024-08-16T03:46:19.731] [INFO] [RECORD] - Server are listening port 114514
[2024-08-16T03:46:37.300] [INFO] [MONGODB] - Connected successfully to mongodb server
[2024-08-16T03:46:37.514] [INFO] [RECORD] - Server are listening port 114514
[2024-08-16T03:46:39.721] [INFO] [RECORD] - Response time is: 2ms  Path /public/register
[2024-08-16T03:46:53.356] [INFO] [RECORD] - Response time is: 1ms  Path /public/register
[2024-08-16T03:46:54.431] [INFO] [RECORD] - Response time is: 1ms  Path /public/register
[2024-08-16T03:47:19.260] [INFO] [RECORD] - Response time is: 19022ms  Path /public/register
[2024-08-16T03:47:59.347] [INFO] [RECORD] - Response time is: 25922ms  Path /public/register
[2024-08-16T03:48:56.557] [INFO] [RECORD] - Response time is: 47836ms  Path /public/register
[2024-08-16T03:49:28.521] [INFO] [MONGODB] - Connected successfully to mongodb server
[2024-08-16T03:49:28.613] [INFO] [RECORD] - Server are listening port 114514
[2024-08-16T03:49:31.025] [INFO] [RECORD] - Response time is: 3ms  Path /public/register
[2024-08-16T03:49:32.360] [INFO] [RECORD] - Response time is: 1ms  Path /public/register
[2024-08-16T03:49:37.382] [INFO] [RECORD] - Response time is: 2ms  Path /public/register
[2024-08-16T03:49:50.120] [INFO] [MONGODB] - Connected successfully to mongodb server
[2024-08-16T03:49:50.225] [INFO] [RECORD] - Server are listening port 114514
[2024-08-16T03:49:52.222] [INFO] [RECORD] - Response time is: 3ms  Path /public/register
[2024-08-16T03:50:38.582] [INFO] [MONGODB] - Connected successfully to mongodb server
[2024-08-16T03:50:38.703] [INFO] [RECORD] - Server are listening port 114514
[2024-08-16T03:50:38.912] [INFO] [RECORD] - Response time is: 3ms  Path /public/register
[2024-08-16T03:50:40.063] [INFO] [RECORD] - Response time is: 1ms  Path /public/register
[2024-08-16T03:55:42.329] [INFO] [MONGODB] - Connected successfully to mongodb server
[2024-08-16T03:55:57.444] [INFO] [MONGODB] - Connected successfully to mongodb server
[2024-08-16T03:55:57.674] [INFO] [RECORD] - Server are listening port 114514
[2024-08-16T03:55:58.396] [INFO] [RECORD] - Response time is: 13ms  Path /public/register
[2024-08-16T03:56:47.866] [INFO] [MONGODB] - Connected successfully to mongodb server
[2024-08-16T03:56:48.035] [INFO] [RECORD] - Server are listening port 114514
[2024-08-16T03:56:49.394] [INFO] [RECORD] - Response time is: 11ms  Path /public/register
[2024-08-16T03:56:51.756] [INFO] [RECORD] - Response time is: 2ms  Path /public/register
[2024-08-16T03:57:08.852] [INFO] [MONGODB] - Connected successfully to mongodb server
[2024-08-16T03:57:08.963] [INFO] [RECORD] - Server are listening port 114514
[2024-08-16T03:57:10.334] [INFO] [RECORD] - Response time is: 11ms  Path /public/register
[2024-08-16T03:57:41.926] [INFO] [MONGODB] - Connected successfully to mongodb server
[2024-08-16T03:57:42.094] [INFO] [RECORD] - Server are listening port 114514
[2024-08-16T03:57:44.480] [INFO] [RECORD] - Response time is: 15ms  Path /public/login
[2024-08-16T03:57:58.555] [INFO] [RECORD] - Response time is: 1ms  Path /.well-known/jwks.json
[2024-08-16T03:57:58.563] [INFO] [RECORD] - Response time is: 14ms  Path /pdublic/login
[2024-08-16T03:58:00.752] [INFO] [RECORD] - Response time is: 4ms  Path /public/login
[2024-08-16T03:58:23.662] [INFO] [MONGODB] - Connected successfully to mongodb server
[2024-08-16T03:58:23.952] [INFO] [RECORD] - Server are listening port 114514
[2024-08-16T08:18:37.005] [INFO] [MONGODB] - Connected successfully to mongodb server
[2024-08-16T08:18:37.081] [INFO] [RECORD] - Server are listening port 114514
[2024-08-16T08:20:05.830] [INFO] [MONGODB] - Connected successfully to mongodb server
[2024-08-16T08:20:05.914] [INFO] [RECORD] - Server are listening port 114514
[2024-08-16T08:24:10.163] [INFO] [MONGODB] - Connected successfully to mongodb server
[2024-08-16T08:24:10.254] [INFO] [RECORD] - Server are listening port 114514
[2024-08-16T08:30:05.062] [INFO] [RECORD] - Server are listening port 114514
[2024-08-16T08:30:08.957] [INFO] [RECORD] - Response time is: 1535ms  Path /public/login
[2024-08-16T08:30:12.500] [INFO] [RECORD] - Response time is: 225ms  Path /public/login
[2024-08-16T08:30:14.220] [INFO] [RECORD] - Response time is: 224ms  Path /public/login
[2024-08-16T08:30:15.267] [INFO] [RECORD] - Response time is: 222ms  Path /public/login
[2024-08-16T08:30:16.206] [INFO] [RECORD] - Response time is: 223ms  Path /public/login
[2024-08-16T08:30:17.839] [INFO] [RECORD] - Response time is: 223ms  Path /public/login
[2024-08-16T08:30:18.722] [INFO] [RECORD] - Response time is: 223ms  Path /public/login
[2024-08-16T08:30:19.531] [INFO] [RECORD] - Response time is: 223ms  Path /public/login
[2024-08-16T08:30:24.673] [INFO] [RECORD] - Server are listening port 114514
[2024-08-16T08:30:27.251] [INFO] [RECORD] - Response time is: 1268ms  Path /public/login
[2024-08-16T08:30:28.186] [INFO] [RECORD] - Response time is: 3ms  Path /public/login
[2024-08-16T08:30:29.061] [INFO] [RECORD] - Response time is: 2ms  Path /public/login
[2024-08-16T08:30:29.921] [INFO] [RECORD] - Response time is: 2ms  Path /public/login
[2024-08-16T08:30:30.663] [INFO] [RECORD] - Response time is: 2ms  Path /public/login
[2024-08-16T08:30:31.973] [INFO] [RECORD] - Response time is: 1ms  Path /public/login
[2024-08-16T08:30:32.634] [INFO] [RECORD] - Response time is: 2ms  Path /public/login
[2024-08-16T08:30:33.318] [INFO] [RECORD] - Response time is: 2ms  Path /public/login
[2024-08-16T08:30:36.120] [INFO] [RECORD] - Response time is: 3ms  Path /public/login
[2024-08-16T08:30:39.590] [INFO] [RECORD] - Response time is: 2ms  Path /public/login
[2024-08-16T08:30:40.460] [INFO] [RECORD] - Response time is: 3ms  Path /public/login
[2024-08-16T08:30:41.166] [INFO] [RECORD] - Response time is: 2ms  Path /public/login
[2024-08-16T08:30:41.676] [INFO] [RECORD] - Response time is: 2ms  Path /public/login
[2024-08-16T08:30:47.997] [INFO] [RECORD] - Server are listening port 114514
[2024-08-16T08:30:50.823] [INFO] [RECORD] - Response time is: 1233ms  Path /public/login
[2024-08-16T08:30:57.647] [INFO] [RECORD] - Response time is: 207ms  Path /public/login
[2024-08-16T08:31:05.761] [INFO] [RECORD] - Response time is: 207ms  Path /public/login
[2024-08-16T08:31:19.716] [INFO] [RECORD] - Response time is: 205ms  Path /public/login
[2024-08-16T08:31:24.060] [INFO] [RECORD] - Response time is: 206ms  Path /public/login
[2024-08-16T08:31:25.201] [INFO] [RECORD] - Response time is: 205ms  Path /public/login
[2024-08-16T08:31:25.951] [INFO] [RECORD] - Response time is: 206ms  Path /public/login
[2024-08-16T08:31:26.482] [INFO] [RECORD] - Response time is: 206ms  Path /public/login
[2024-08-16T08:31:29.029] [INFO] [RECORD] - Response time is: 207ms  Path /public/login
[2024-08-16T08:31:29.822] [INFO] [RECORD] - Response time is: 205ms  Path /public/login
[2024-08-16T08:31:30.946] [INFO] [RECORD] - Response time is: 205ms  Path /public/login
[2024-08-16T08:32:32.391] [INFO] [RECORD] - Response time is: 205ms  Path /public/login
[2024-08-16T08:32:47.151] [INFO] [RECORD] - Response time is: 205ms  Path /public/login
[2024-08-16T08:33:09.262] [INFO] [RECORD] - Response time is: 206ms  Path /public/login
[2024-08-16T08:33:10.757] [INFO] [RECORD] - Response time is: 205ms  Path /public/login
[2024-08-16T08:33:11.679] [INFO] [RECORD] - Response time is: 206ms  Path /public/login
[2024-08-16T08:33:12.516] [INFO] [RECORD] - Response time is: 205ms  Path /public/login
[2024-08-16T08:33:33.291] [INFO] [RECORD] - Server are listening port 114514
[2024-08-16T08:33:36.386] [INFO] [RECORD] - Response time is: 1490ms  Path /public/login
[2024-08-16T08:33:39.433] [INFO] [RECORD] - Response time is: 1449ms  Path /public/login
[2024-08-16T08:33:41.629] [INFO] [RECORD] - Response time is: 1344ms  Path /public/login
[2024-08-16T08:33:44.203] [INFO] [RECORD] - Response time is: 1375ms  Path /public/login
[2024-08-16T08:33:46.436] [INFO] [RECORD] - Response time is: 1416ms  Path /public/login
[2024-08-16T08:33:48.823] [INFO] [RECORD] - Response time is: 1465ms  Path /public/login
[2024-08-16T08:34:02.504] [INFO] [RECORD] - Response time is: 1512ms  Path /public/login
[2024-08-16T08:36:02.532] [INFO] [RECORD] - Server are listening port 114514
[2024-08-16T08:36:06.453] [INFO] [RECORD] - Response time is: 1473ms  Path /public/login
[2024-08-16T08:36:09.349] [INFO] [RECORD] - Response time is: 412ms  Path /public/login
[2024-08-16T08:36:10.661] [INFO] [RECORD] - Response time is: 413ms  Path /public/login
[2024-08-16T08:36:11.780] [INFO] [RECORD] - Response time is: 412ms  Path /public/login
[2024-08-16T08:36:12.853] [INFO] [RECORD] - Response time is: 425ms  Path /public/login
[2024-08-16T08:36:13.895] [INFO] [RECORD] - Response time is: 410ms  Path /public/login
[2024-08-16T08:36:14.884] [INFO] [RECORD] - Response time is: 410ms  Path /public/login
[2024-08-16T08:36:15.802] [INFO] [RECORD] - Response time is: 410ms  Path /public/login
[2024-08-16T08:36:16.804] [INFO] [RECORD] - Response time is: 411ms  Path /public/login
[2024-08-16T08:36:17.700] [INFO] [RECORD] - Response time is: 411ms  Path /public/login
[2024-08-16T08:44:27.394] [INFO] [RECORD] - Response time is: 412ms  Path /public/login
[2024-08-16T08:44:29.169] [INFO] [RECORD] - Response time is: 410ms  Path /public/login
[2024-08-16T08:44:30.705] [INFO] [RECORD] - Response time is: 410ms  Path /public/login
[2024-08-16T08:46:52.821] [INFO] [RECORD] - Server are listening port 114514
[2024-08-16T08:46:56.590] [INFO] [RECORD] - Response time is: 1459ms  Path /public/login
[2024-08-16T08:46:58.911] [INFO] [RECORD] - Response time is: 405ms  Path /public/login
[2024-08-16T08:47:09.835] [INFO] [RECORD] - Server are listening port 114514
[2024-08-16T08:47:25.418] [INFO] [RECORD] - Server are listening port 114514
[2024-08-16T08:47:28.115] [INFO] [RECORD] - Response time is: 1378ms  Path /public/login
[2024-08-16T08:47:39.739] [INFO] [RECORD] - Response time is: 2ms  Path /.well-known/jwks.json
[2024-08-16T08:47:45.238] [INFO] [RECORD] - Response time is: 3ms  Path /pub3lic/login
[2024-08-16T08:47:57.189] [INFO] [RECORD] - Server are listening port 114514
[2024-08-16T08:51:51.862] [INFO] [RECORD] - Server are listening port 114514
[2024-08-16T08:51:56.703] [INFO] [RECORD] - Response time is: 1515ms  Path /public/login
[2024-08-16T08:55:36.844] [INFO] [RECORD] - Server are listening port 114514
[2024-08-16T08:55:39.647] [INFO] [RECORD] - Response time is: 1457ms  Path /public/login
[2024-08-16T08:56:26.759] [INFO] [RECORD] - Server are listening port 114514
[2024-08-16T08:56:30.029] [INFO] [RECORD] - Response time is: 1453ms  Path /public/login
[2024-08-16T08:59:22.415] [INFO] [RECORD] - Server are listening port 114514
[2024-08-16T08:59:26.165] [INFO] [RECORD] - Response time is: 1493ms  Path /public/login
[2024-08-16T09:08:16.778] [INFO] [RECORD] - Server are listening port 114514
[2024-08-16T09:08:28.157] [INFO] [RECORD] - Response time is: 1998ms  Path /public/login
[2024-08-16T09:08:31.039] [INFO] [RECORD] - Response time is: 1ms  Path /.well-known/jwks.json
[2024-08-16T09:10:26.454] [INFO] [RECORD] - Server are listening port 114514
[2024-08-16T09:11:20.056] [INFO] [RECORD] - Response time is: 1456ms  Path /public/login
[2024-08-16T09:11:56.654] [INFO] [RECORD] - Response time is: 1ms  Path /.well-known/jwks.json
[2024-08-16T09:13:03.731] [INFO] [RECORD] - Server are listening port 114514
[2024-08-16T09:13:06.301] [INFO] [RECORD] - Response time is: 3ms  Path /.well-known/jwks.json
[2024-08-16T09:14:11.521] [INFO] [RECORD] - Server are listening port 114514
[2024-08-16T09:14:14.035] [INFO] [RECORD] - Response time is: 3ms  Path /.well-known/jwks.json
[2024-08-16T09:14:26.242] [INFO] [RECORD] - Response time is: 1418ms  Path /public/login
[2024-08-16T09:14:51.227] [INFO] [RECORD] - Response time is: 2ms  Path /
[2024-08-16T09:18:52.073] [INFO] [RECORD] - Server are listening port 114514
[2024-08-16T09:18:54.788] [INFO] [RECORD] - Response time is: 10ms  Path: /.well-known/jwks.json  Protocol: http  status: 404
[2024-08-16T09:18:57.210] [INFO] [RECORD] - Response time is: 1ms  Path: /.well-known/jwks.json  Protocol: http  status: 404
[2024-08-16T09:19:57.041] [INFO] [RECORD] - Response time is: 3ms  Path: /.well-known/jwks.json  Protocol: http  status: 200
[2024-08-16T09:20:01.266] [INFO] [RECORD] - Response time is: 1ms  Path: /.well-known/jwks.json  Protocol: http  status: 200
[2024-08-16T09:20:02.500] [INFO] [RECORD] - Response time is: 1ms  Path: /.well-known/jwks.json  Protocol: http  status: 200
[2024-08-16T09:20:10.139] [INFO] [RECORD] - Response time is: 1ms  Path: /.well-kno3wn/jwks.json  Protocol: http  status: 401
[2024-08-16T09:21:39.406] [INFO] [RECORD] - Response time is: 1427ms  Path: /public/login  Protocol: http  status: 200
[2024-08-16T09:21:41.970] [INFO] [RECORD] - Response time is: 1ms  Path: /public/login3  Protocol: http  status: 200
[2024-08-16T09:21:46.641] [INFO] [RECORD] - Response time is: 393ms  Path: /public/login  Protocol: http  status: 200
[2024-08-16T09:22:02.050] [INFO] [RECORD] - Server are listening port 114514
[2024-08-16T09:22:06.926] [INFO] [RECORD] - Response time is: 2ms  Path: /.well-known/jwks.json  Protocol: http  status: 200
[2024-08-16T09:22:06.938] [INFO] [RECORD] - Response time is: 24ms  Path: /pu3blic/login  Protocol: http  status: 404
[2024-08-16T09:23:01.236] [INFO] [RECORD] - Server are listening port 114514
[2024-08-16T09:23:02.890] [INFO] [RECORD] - Response time is: 3ms  Path: /.well-known/jwks.json  Protocol: http  status: 200
[2024-08-16T09:23:02.901] [INFO] [RECORD] - Response time is: 23ms  Path: /pu3blic/login  Protocol: http  status: 200
[2024-08-16T09:23:03.829] [INFO] [RECORD] - Response time is: 3ms  Path: /pu3blic/login  Protocol: http  status: 200
[2024-08-16T09:23:04.578] [INFO] [RECORD] - Response time is: 2ms  Path: /pu3blic/login  Protocol: http  status: 200
[2024-08-16T09:23:05.100] [INFO] [RECORD] - Response time is: 2ms  Path: /pu3blic/login  Protocol: http  status: 200
[2024-08-16T09:23:06.445] [INFO] [RECORD] - Response time is: 0ms  Path: /.well-known/jwks.json  Protocol: http  status: 200
[2024-08-16T09:23:12.817] [INFO] [RECORD] - Response time is: 1460ms  Path: /public/login  Protocol: http  status: 200
[2024-08-16T09:23:18.452] [INFO] [RECORD] - Response time is: 1ms  Path: /publicc/login  Protocol: http  status: 200
[2024-08-16T09:23:33.566] [INFO] [RECORD] - Server are listening port 114514
[2024-08-16T09:23:36.753] [INFO] [RECORD] - Response time is: 1402ms  Path: /public/login  Protocol: http  status: 200
[2024-08-16T09:23:39.277] [INFO] [RECORD] - Response time is: 2ms  Path: /.well-known/jwks.json  Protocol: http  status: 200
[2024-08-16T09:23:39.286] [INFO] [RECORD] - Response time is: 15ms  Path: /publidc/login  Protocol: http  status: 200
[2024-08-16T09:23:45.734] [INFO] [RECORD] - Response time is: 3ms  Path: /api/login  Protocol: http  status: 200
[2024-08-16T09:24:06.521] [INFO] [RECORD] - Server are listening port 114514
[2024-08-16T09:24:08.580] [INFO] [RECORD] - Response time is: 2ms  Path: /.well-known/jwks.json  Protocol: http  status: 200
[2024-08-16T09:24:08.593] [INFO] [RECORD] - Response time is: 23ms  Path: /api/login  Protocol: http  status: 200
[2024-08-16T09:24:09.474] [INFO] [RECORD] - Response time is: 2ms  Path: /api/login  Protocol: http  status: 200
[2024-08-16T09:24:10.156] [INFO] [RECORD] - Response time is: 2ms  Path: /api/login  Protocol: http  status: 200
[2024-08-16T09:24:11.254] [INFO] [RECORD] - Response time is: 2ms  Path: /api/login  Protocol: http  status: 200
[2024-08-16T09:24:11.994] [INFO] [RECORD] - Response time is: 2ms  Path: /api/login  Protocol: http  status: 200
[2024-08-16T09:24:12.521] [INFO] [RECORD] - Response time is: 2ms  Path: /api/login  Protocol: http  status: 200
[2024-08-16T09:24:13.071] [INFO] [RECORD] - Response time is: 1ms  Path: /api/login  Protocol: http  status: 200
[2024-08-16T09:25:45.031] [INFO] [RECORD] - Server are listening port 114514
[2024-08-16T09:25:47.376] [INFO] [RECORD] - Response time is: 2ms  Path: /.well-known/jwks.json  Protocol: http  status: 200
[2024-08-16T09:25:47.386] [INFO] [RECORD] - Response time is: 20ms  Path: /api/login  Protocol: http  status: 401
[2024-08-16T09:25:48.719] [INFO] [RECORD] - Response time is: 3ms  Path: /api/login  Protocol: http  status: 401
[2024-08-16T09:25:52.640] [INFO] [RECORD] - Response time is: 11ms  Path: /public/login  Protocol: http  status: 405
[2024-08-16T09:25:57.928] [INFO] [RECORD] - Response time is: 1ms  Path: /pudblic/login  Protocol: http  status: 401
[2024-08-16T09:26:30.053] [INFO] [RECORD] - Server are listening port 114514
[2024-08-16T09:26:33.320] [INFO] [RECORD] - Response time is: 2ms  Path: /.well-known/jwks.json  Protocol: http  status: 200
[2024-08-16T09:26:33.332] [INFO] [RECORD] - Response time is: 24ms  Path: /pudblic/login  Protocol: http  status: 401
[2024-08-16T09:26:34.426] [INFO] [RECORD] - Response time is: 2ms  Path: /pudblic/login  Protocol: http  status: 401
[2024-08-16T09:26:35.339] [INFO] [RECORD] - Response time is: 1ms  Path: /pudblic/login  Protocol: http  status: 401
[2024-08-16T09:26:39.558] [INFO] [RECORD] - Response time is: 1ms  Path: /dsd/login  Protocol: http  status: 401
[2024-08-16T09:26:46.856] [INFO] [RECORD] - Response time is: 10ms  Path: /public/logind  Protocol: http  status: 200
[2024-08-16T09:26:54.244] [INFO] [RECORD] - Response time is: 2ms  Path: /public/login  Protocol: http  status: 405
[2024-08-16T09:27:00.060] [INFO] [RECORD] - Response time is: 1392ms  Path: /public/login  Protocol: http  status: 200
[2024-08-16T09:33:03.320] [INFO] [RECORD] - Server are listening port 114514
[2024-08-16T09:33:07.390] [INFO] [RECORD] - Response time is: 3ms  Path: /.well-known/jwks.json  Protocol: http  status: 200
[2024-08-16T09:33:20.065] [INFO] [RECORD] - Response time is: 1535ms  Path: /public/login  Protocol: http  status: 200
[2024-08-16T09:53:16.642] [INFO] [RECORD] - Server are listening port 114514
[2024-08-16T09:53:24.828] [INFO] [RECORD] - Response time is: 3ms  Path: /.well-known/jwks.json  Protocol: http  status: 200
[2024-08-16T09:55:29.669] [INFO] [RECORD] - Server are listening port 114514
[2024-08-16T09:56:41.846] [INFO] [RECORD] - Server are listening port 114514
[2024-08-16T10:31:13.845] [INFO] [RECORD] - Response time is: 3ms  Path: /.well-known/jwks.json  Protocol: http  status: 200
[2024-08-16T10:33:29.467] [INFO] [RECORD] - Response time is: 0ms  Path: /.well-known/jwks.json  Protocol: http  status: 200
[2024-08-16T10:33:40.304] [INFO] [RECORD] - Response time is: 1511ms  Path: /public/login  Protocol: http  status: 200
[2024-08-16T10:34:23.658] [INFO] [RECORD] - Response time is: 0ms  Path: /.well-known/jwks.json  Protocol: http  status: 200
[2024-08-16T10:36:59.255] [INFO] [RECORD] - Response time is: 1ms  Path: /.well-known/jwks.json  Protocol: http  status: 200
[2024-08-16T11:26:44.102] [INFO] [RECORD] - Response time is: 1ms  Path: /.well-known/jwks.json  Protocol: http  status: 200
[2024-08-16T11:27:27.970] [INFO] [RECORD] - Response time is: 1ms  Path: /.well-known/jwks.json  Protocol: http  status: 200
[2024-08-16T11:31:10.027] [INFO] [RECORD] - Response time is: 1ms  Path: /.well-known/jwks.json  Protocol: http  status: 200
[2024-08-16T17:35:58.445] [INFO] [RECORD] - Response time is: 2ms  Path: /.well-known/jwks.json  Protocol: http  status: 200
[2024-08-16T17:37:07.604] [INFO] [RECORD] - Response time is: 429ms  Path: /public/login  Protocol: http  status: 200
[2024-08-16T17:43:53.211] [INFO] [RECORD] - Response time is: 1ms  Path: /.well-known/jwks.json  Protocol: http  status: 200
[2024-08-16T17:48:57.702] [INFO] [RECORD] - Response time is: 0ms  Path: /.well-known/jwks.json  Protocol: http  status: 200
[2024-08-16T17:51:55.114] [INFO] [RECORD] - Response time is: 1ms  Path: /.well-known/jwks.json  Protocol: http  status: 200
[2024-08-16T17:53:30.875] [INFO] [RECORD] - Response time is: 0ms  Path: /.well-known/jwks.json  Protocol: http  status: 200
[2024-08-16T17:54:44.502] [INFO] [RECORD] - Response time is: 1ms  Path: /.well-known/jwks.json  Protocol: http  status: 200
[2024-08-16T17:57:01.214] [INFO] [RECORD] - Response time is: 1ms  Path: /.well-known/jwks.json  Protocol: http  status: 200
[2024-08-16T18:23:33.505] [INFO] [RECORD] - Response time is: 1ms  Path: /.well-known/jwks.json  Protocol: http  status: 200
[2024-08-16T18:25:03.456] [INFO] [RECORD] - Response time is: 0ms  Path: /.well-known/jwks.json  Protocol: http  status: 200
[2024-08-16T18:27:42.331] [INFO] [RECORD] - Response time is: 1ms  Path: /.well-known/jwks.json  Protocol: http  status: 200
[2024-08-16T18:30:53.515] [INFO] [RECORD] - Response time is: 0ms  Path: /.well-known/jwks.json  Protocol: http  status: 200
[2024-08-16T18:31:26.165] [INFO] [RECORD] - Response time is: 0ms  Path: /.well-known/jwks.json  Protocol: http  status: 200
[2024-08-16T18:31:53.564] [INFO] [RECORD] - Response time is: 1ms  Path: /.well-known/jwks.json  Protocol: http  status: 200
[2024-08-16T18:36:49.111] [INFO] [RECORD] - Response time is: 1ms  Path: /.well-known/jwks.json  Protocol: http  status: 200
[2024-08-16T18:38:46.520] [INFO] [RECORD] - Response time is: 1ms  Path: /.well-known/jwks.json  Protocol: http  status: 200
[2024-08-16T18:39:13.411] [INFO] [RECORD] - Response time is: 1ms  Path: /.well-known/jwks.json  Protocol: http  status: 200
[2024-08-16T18:40:08.943] [INFO] [RECORD] - Response time is: 1ms  Path: /.well-known/jwks.json  Protocol: http  status: 200
[2024-08-16T18:44:41.700] [INFO] [RECORD] - Response time is: 0ms  Path: /.well-known/jwks.json  Protocol: http  status: 200
[2024-08-16T18:45:07.817] [INFO] [RECORD] - Response time is: 0ms  Path: /.well-known/jwks.json  Protocol: http  status: 200
[2024-08-16T18:45:33.989] [INFO] [RECORD] - Response time is: 0ms  Path: /.well-known/jwks.json  Protocol: http  status: 200
[2024-08-16T18:46:18.880] [INFO] [RECORD] - Response time is: 0ms  Path: /.well-known/jwks.json  Protocol: http  status: 200
[2024-08-16T18:46:53.371] [INFO] [RECORD] - Response time is: 0ms  Path: /.well-known/jwks.json  Protocol: http  status: 200
[2024-08-16T18:56:32.840] [INFO] [RECORD] - Response time is: 1ms  Path: /.well-known/jwks.json  Protocol: http  status: 200
[2024-08-16T18:57:03.384] [INFO] [RECORD] - Response time is: 1ms  Path: /.well-known/jwks.json  Protocol: http  status: 200
[2024-08-16T18:58:27.511] [INFO] [RECORD] - Server are listening port 11451
[2024-08-16T18:59:44.574] [INFO] [RECORD] - Server are listening port 11451
[2024-08-16T18:59:52.092] [INFO] [RECORD] - Response time is: 3ms  Path: /.well-known/jwks.json  Protocol: http  status: 200
[2024-08-16T18:59:55.354] [INFO] [RECORD] - Response time is: 1ms  Path: /.well-known/jwks.json  Protocol: http  status: 200
[2024-08-16T19:00:02.269] [INFO] [RECORD] - Response time is: 1447ms  Path: /public/login  Protocol: http  status: 200
[2024-08-16T19:32:01.517] [INFO] [RECORD] - Response time is: 1ms  Path: /.well-known/jwks.json  Protocol: http  status: 200
[2024-08-16T19:32:56.665] [INFO] [RECORD] - Response time is: 1ms  Path: /.well-known/jwks.json  Protocol: http  status: 200
[2024-08-16T19:34:02.328] [INFO] [RECORD] - Response time is: 0ms  Path: /.well-known/jwks.json  Protocol: http  status: 200
[2024-08-16T19:36:04.029] [INFO] [RECORD] - Response time is: 1ms  Path: /.well-known/jwks.json  Protocol: http  status: 200
[2024-08-16T19:37:55.129] [INFO] [RECORD] - Response time is: 1ms  Path: /.well-known/jwks.json  Protocol: http  status: 200
[2024-08-16T19:38:31.958] [INFO] [RECORD] - Response time is: 1ms  Path: /.well-known/jwks.json  Protocol: http  status: 200
[2024-08-16T19:40:19.193] [INFO] [RECORD] - Response time is: 1ms  Path: /.well-known/jwks.json  Protocol: http  status: 200
[2024-08-17T15:45:19.689] [INFO] [RECORD] - Server are listening port 11451
[2024-08-17T15:45:40.109] [INFO] [RECORD] - Response time is: 1439ms  Path: /public/register  Protocol: http  status: 400
[2024-08-17T15:46:29.491] [INFO] [RECORD] - Server are listening port 11451
[2024-08-17T15:46:33.381] [INFO] [RECORD] - Response time is: 1471ms  Path: /public/register  Protocol: http  status: 400
[2024-08-17T15:50:11.789] [INFO] [RECORD] - Server are listening port 11451
[2024-08-17T15:50:17.884] [INFO] [RECORD] - Response time is: 1286ms  Path: /public/register  Protocol: http  status: 400
[2024-08-17T15:50:27.612] [INFO] [RECORD] - Server are listening port 11451
[2024-08-17T15:50:31.937] [INFO] [RECORD] - Response time is: 1309ms  Path: /public/register  Protocol: http  status: 400
[2024-08-17T15:52:51.912] [INFO] [RECORD] - Server are listening port 11451
[2024-08-17T15:53:18.370] [INFO] [RECORD] - Server are listening port 11451
[2024-08-17T15:53:23.056] [INFO] [RECORD] - Response time is: 1388ms  Path: /public/register  Protocol: http  status: 400
[2024-08-17T15:56:42.442] [INFO] [RECORD] - Server are listening port 11451
[2024-08-17T15:56:45.397] [INFO] [RECORD] - Response time is: 1314ms  Path: /public/register  Protocol: http  status: 400
[2024-08-17T15:57:32.613] [INFO] [RECORD] - Server are listening port 11451
[2024-08-17T15:57:36.347] [INFO] [RECORD] - Response time is: 1254ms  Path: /public/register  Protocol: http  status: 400
[2024-08-17T15:57:55.094] [INFO] [RECORD] - Server are listening port 11451
[2024-08-17T15:57:57.478] [INFO] [RECORD] - Response time is: 1281ms  Path: /public/register  Protocol: http  status: 400
[2024-08-17T16:00:00.039] [INFO] [RECORD] - Server are listening port 11451
[2024-08-17T16:00:14.942] [INFO] [RECORD] - Server are listening port 11451
[2024-08-17T16:00:22.938] [INFO] [RECORD] - Response time is: 1478ms  Path: /public/register  Protocol: http  status: 400
[2024-08-17T16:03:51.692] [INFO] [RECORD] - Server are listening port 11451
[2024-08-17T16:03:57.929] [INFO] [RECORD] - Response time is: 13ms  Path: /public/register  Protocol: http  status: 404
[2024-08-17T16:04:20.662] [INFO] [RECORD] - Response time is: 2ms  Path: /public/register  Protocol: http  status: 400
[2024-08-17T16:04:55.548] [INFO] [RECORD] - Response time is: 1ms  Path: /public/register  Protocol: http  status: 400
[2024-08-17T16:05:01.826] [INFO] [RECORD] - Response time is: 1ms  Path: /public/register  Protocol: http  status: 404
[2024-08-17T16:05:09.829] [INFO] [RECORD] - Response time is: 1ms  Path: /public/register  Protocol: http  status: 404
[2024-08-17T16:05:49.958] [INFO] [RECORD] - Server are listening port 11451
[2024-08-17T16:05:53.103] [INFO] [RECORD] - Response time is: 1227ms  Path: /public/register  Protocol: http  status: 200
[2024-08-17T16:06:02.350] [INFO] [RECORD] - Response time is: 199ms  Path: /public/register  Protocol: http  status: 200
[2024-08-17T16:06:13.915] [INFO] [RECORD] - Response time is: 198ms  Path: /public/register  Protocol: http  status: 200
[2024-08-17T16:06:22.581] [INFO] [RECORD] - Response time is: 196ms  Path: /public/register  Protocol: http  status: 200
[2024-08-17T16:06:29.807] [INFO] [RECORD] - Response time is: 196ms  Path: /public/register  Protocol: http  status: 200
[2024-08-17T16:06:44.749] [INFO] [RECORD] - Response time is: 197ms  Path: /public/register  Protocol: http  status: 200
[2024-08-17T16:06:53.283] [INFO] [RECORD] - Response time is: 196ms  Path: /public/register  Protocol: http  status: 200
[2024-08-17T16:07:00.976] [INFO] [RECORD] - Response time is: 197ms  Path: /public/register  Protocol: http  status: 200
[2024-08-17T16:07:04.052] [INFO] [RECORD] - Response time is: 200ms  Path: /public/register  Protocol: http  status: 200
[2024-08-17T16:07:29.104] [INFO] [RECORD] - Response time is: 197ms  Path: /public/register  Protocol: http  status: 200
[2024-08-17T16:08:01.754] [INFO] [RECORD] - Response time is: 199ms  Path: /public/register  Protocol: http  status: 200
[2024-08-17T16:09:25.887] [INFO] [RECORD] - Server are listening port 11451
[2024-08-17T16:09:28.759] [INFO] [RECORD] - Response time is: 1300ms  Path: /public/register  Protocol: http  status: 200
[2024-08-17T16:09:36.890] [INFO] [RECORD] - Response time is: 216ms  Path: /public/register  Protocol: http  status: 200
[2024-08-17T16:09:41.817] [INFO] [RECORD] - Response time is: 216ms  Path: /public/register  Protocol: http  status: 200
[2024-08-17T16:09:49.618] [INFO] [RECORD] - Response time is: 217ms  Path: /public/register  Protocol: http  status: 200
[2024-08-17T16:47:35.073] [INFO] [RECORD] - Server are listening port 11451
[2024-08-17T16:48:08.993] [INFO] [RECORD] - Response time is: 14ms  Path: /public/login  Protocol: http  status: 404
[2024-08-17T16:48:13.600] [INFO] [RECORD] - Response time is: 3ms  Path: /public/login  Protocol: http  status: 200
[2024-08-17T16:48:59.333] [INFO] [RECORD] - Server are listening port 11451
[2024-08-17T16:49:02.625] [INFO] [RECORD] - Response time is: 13ms  Path: /public/login  Protocol: http  status: 200
[2024-08-17T16:49:21.638] [INFO] [RECORD] - Response time is: 1ms  Path: /public/login  Protocol: http  status: 200
[2024-08-17T16:49:24.393] [INFO] [RECORD] - Response time is: 2ms  Path: /public/login  Protocol: http  status: 200
[2024-08-17T16:50:14.904] [INFO] [RECORD] - Server are listening port 11451
[2024-08-17T16:50:16.188] [INFO] [RECORD] - Response time is: 13ms  Path: /public/login  Protocol: http  status: 400
[2024-08-17T16:50:39.837] [INFO] [RECORD] - Response time is: 1254ms  Path: /public/login  Protocol: http  status: 200
[2024-08-17T16:50:51.754] [INFO] [RECORD] - Response time is: 200ms  Path: /public/login  Protocol: http  status: 200
[2024-08-17T16:50:55.917] [INFO] [RECORD] - Response time is: 202ms  Path: /public/login  Protocol: http  status: 200
[2024-08-17T16:51:07.622] [INFO] [RECORD] - Response time is: 203ms  Path: /public/login  Protocol: http  status: 200
[2024-08-17T16:53:50.575] [INFO] [RECORD] - Response time is: 1ms  Path: /admin/generate  Protocol: http  status: 401
[2024-08-17T16:53:55.790] [INFO] [RECORD] - Response time is: 203ms  Path: /public/login  Protocol: http  status: 200
[2024-08-17T16:54:21.580] [INFO] [RECORD] - Response time is: 3ms  Path: /.well-known/jwks.json  Protocol: http  status: 200
[2024-08-17T16:54:21.589] [INFO] [RECORD] - Response time is: 20ms  Path: /admin/generate  Protocol: http  status: 200
[2024-08-17T16:58:51.153] [INFO] [RECORD] - Server are listening port 11451
[2024-08-17T16:59:07.568] [INFO] [RECORD] - Server are listening port 11451
[2024-08-17T17:03:27.516] [INFO] [RECORD] - Server are listening port 11451
[2024-08-17T17:03:41.082] [INFO] [RECORD] - Server are listening port 11451
[2024-08-17T17:03:50.266] [INFO] [RECORD] - Server are listening port 11451
[2024-08-17T17:03:59.817] [INFO] [RECORD] - Server are listening port 11451
[2024-08-17T17:04:15.927] [INFO] [RECORD] - Server are listening port 11451
[2024-08-17T17:04:28.319] [INFO] [RECORD] - Server are listening port 11451
[2024-08-17T17:04:37.208] [INFO] [RECORD] - Server are listening port 11451
[2024-08-17T17:04:46.373] [INFO] [RECORD] - Server are listening port 11451
[2024-08-17T17:05:05.503] [INFO] [RECORD] - Server are listening port 11451
[2024-08-17T17:05:23.249] [INFO] [RECORD] - Server are listening port 11451
[2024-08-17T17:05:35.025] [INFO] [RECORD] - Server are listening port 11451
[2024-08-17T17:06:02.292] [INFO] [RECORD] - Server are listening port 11451
[2024-08-17T17:06:10.321] [INFO] [RECORD] - Server are listening port 11451
[2024-08-17T17:06:19.644] [INFO] [RECORD] - Server are listening port 11451
[2024-08-17T17:08:35.681] [INFO] [RECORD] - Server are listening port 11451
[2024-08-17T17:08:53.093] [INFO] [RECORD] - Server are listening port 11451
[2024-08-17T17:09:11.387] [INFO] [RECORD] - Server are listening port 11451
[2024-08-17T17:09:28.167] [INFO] [RECORD] - Server are listening port 11451
[2024-08-17T17:09:50.618] [INFO] [RECORD] - Server are listening port 11451
[2024-08-17T17:10:02.224] [INFO] [RECORD] - Server are listening port 11451
[2024-08-17T17:11:41.533] [INFO] [RECORD] - Server are listening port 11451
[2024-08-17T17:13:02.734] [INFO] [RECORD] - Server are listening port 11451
[2024-08-17T17:13:15.161] [INFO] [RECORD] - Server are listening port 11451
[2024-08-17T17:13:47.339] [INFO] [RECORD] - Server are listening port 11451
[2024-08-17T17:13:56.364] [INFO] [RECORD] - Server are listening port 11451
[2024-08-17T17:14:08.012] [INFO] [RECORD] - Server are listening port 11451
[2024-08-17T17:14:13.797] [INFO] [RECORD] - Server are listening port 11451
[2024-08-17T17:15:37.388] [INFO] [RECORD] - Server are listening port 11451
[2024-08-17T17:21:31.292] [INFO] [RECORD] - Server are listening port 11451
[2024-08-17T17:21:36.800] [INFO] [RECORD] - Response time is: 1326ms  Path: /public/login  Protocol: http  status: 200
[2024-08-17T17:21:48.826] [INFO] [RECORD] - Response time is: 2ms  Path: /.well-known/jwks.json  Protocol: http  status: 200
[2024-08-17T17:21:48.838] [INFO] [RECORD] - Response time is: 21ms  Path: /admin/generate  Protocol: http  status: 400
[2024-08-17T17:22:10.249] [INFO] [RECORD] - Response time is: 227ms  Path: /admin/generate  Protocol: http  status: 200
[2024-08-17T17:23:17.098] [INFO] [RECORD] - Response time is: 4ms  Path: /admin/generate  Protocol: http  status: 404
[2024-08-17T17:23:50.764] [INFO] [RECORD] - Response time is: 2ms  Path: /admin/generate  Protocol: http  status: 404
[2024-08-17T17:25:01.326] [INFO] [RECORD] - Server are listening port 11451
[2024-08-17T17:25:05.928] [INFO] [RECORD] - Response time is: 1259ms  Path: /public/login  Protocol: http  status: 200
[2024-08-17T17:25:17.566] [INFO] [RECORD] - Response time is: 1ms  Path: /.well-known/jwks.json  Protocol: http  status: 200
[2024-08-17T17:25:17.576] [INFO] [RECORD] - Response time is: 20ms  Path: /admin/generate  Protocol: http  status: 404
[2024-08-17T17:25:45.783] [INFO] [RECORD] - Server are listening port 11451
[2024-08-17T17:25:49.360] [INFO] [RECORD] - Response time is: 1226ms  Path: /public/login  Protocol: http  status: 200
[2024-08-17T17:25:57.864] [INFO] [RECORD] - Response time is: 1ms  Path: /.well-known/jwks.json  Protocol: http  status: 200
[2024-08-17T17:25:57.877] [INFO] [RECORD] - Response time is: 22ms  Path: /admin/generate  Protocol: http  status: 200
[2024-08-17T17:26:08.446] [INFO] [RECORD] - Response time is: 4ms  Path: /admin/generate  Protocol: http  status: 404
[2024-08-17T17:26:31.191] [INFO] [RECORD] - Server are listening port 11451
[2024-08-17T17:26:32.030] [INFO] [RECORD] - Response time is: 2ms  Path: /.well-known/jwks.json  Protocol: http  status: 200
[2024-08-17T17:26:32.045] [INFO] [RECORD] - Response time is: 27ms  Path: /admin/generate  Protocol: http  status: 401
[2024-08-17T17:26:37.879] [INFO] [RECORD] - Response time is: 1258ms  Path: /public/login  Protocol: http  status: 200
[2024-08-17T17:26:49.810] [INFO] [RECORD] - Response time is: 217ms  Path: /admin/generate  Protocol: http  status: 200
[2024-08-17T17:28:33.899] [INFO] [RECORD] - Server are listening port 11451
[2024-08-17T17:29:13.329] [INFO] [RECORD] - Response time is: 1260ms  Path: /public/login  Protocol: http  status: 200
[2024-08-17T17:29:25.438] [INFO] [RECORD] - Response time is: 1ms  Path: /.well-known/jwks.json  Protocol: http  status: 200
[2024-08-17T17:29:25.660] [INFO] [RECORD] - Response time is: 230ms  Path: /admin/generate  Protocol: http  status: 200
[2024-08-17T17:30:01.569] [INFO] [RECORD] - Server are listening port 11451
[2024-08-17T17:30:05.474] [INFO] [RECORD] - Response time is: 1282ms  Path: /public/login  Protocol: http  status: 200
[2024-08-17T17:30:13.600] [INFO] [RECORD] - Response time is: 1ms  Path: /.well-known/jwks.json  Protocol: http  status: 200
[2024-08-17T17:30:13.824] [INFO] [RECORD] - Response time is: 232ms  Path: /admin/generate  Protocol: http  status: 200
[2024-08-17T17:31:03.802] [INFO] [RECORD] - Response time is: 212ms  Path: /public/login  Protocol: http  status: 200
[2024-08-17T17:31:12.718] [INFO] [RECORD] - Response time is: 3ms  Path: /admin/generate  Protocol: http  status: 200
[2024-08-17T17:31:37.157] [INFO] [RECORD] - Server are listening port 11451
[2024-08-17T17:31:37.719] [INFO] [RECORD] - Response time is: 3ms  Path: /.well-known/jwks.json  Protocol: http  status: 200
[2024-08-17T17:31:37.736] [INFO] [RECORD] - Response time is: 31ms  Path: /admin/generate  Protocol: http  status: 401
[2024-08-17T17:31:38.655] [INFO] [RECORD] - Response time is: 2ms  Path: /admin/generate  Protocol: http  status: 401
[2024-08-17T17:31:42.114] [INFO] [RECORD] - Response time is: 1253ms  Path: /public/login  Protocol: http  status: 200
[2024-08-17T17:31:49.795] [INFO] [RECORD] - Response time is: 216ms  Path: /admin/generate  Protocol: http  status: 200
[2024-08-17T17:32:26.761] [INFO] [RECORD] - Response time is: 200ms  Path: /public/login  Protocol: http  status: 200
[2024-08-17T17:32:35.971] [INFO] [RECORD] - Response time is: 457ms  Path: /admin/generate  Protocol: http  status: 200
[2024-08-17T18:08:52.668] [INFO] [RECORD] - Server are listening port 11451
[2024-08-17T18:08:55.397] [INFO] [RECORD] - Response time is: 1247ms  Path: /public/login  Protocol: http  status: 200
[2024-08-17T18:09:25.951] [INFO] [RECORD] - Response time is: 2ms  Path: /.well-known/jwks.json  Protocol: http  status: 200
[2024-08-17T18:09:25.961] [INFO] [RECORD] - Response time is: 19ms  Path: /user/code  Protocol: http  status: 400
[2024-08-17T18:09:50.619] [INFO] [RECORD] - Response time is: 198ms  Path: /user/code  Protocol: http  status: 200
[2024-08-17T18:24:33.252] [INFO] [RECORD] - Server are listening port 11451
[2024-08-17T18:24:38.100] [INFO] [RECORD] - Response time is: 1278ms  Path: /public/login  Protocol: http  status: 200
[2024-08-17T18:27:07.145] [INFO] [RECORD] - Server are listening port 11451
[2024-08-17T18:27:10.094] [INFO] [RECORD] - Response time is: 1234ms  Path: /public/login  Protocol: http  status: 200
[2024-08-17T18:27:23.600] [INFO] [RECORD] - Response time is: 1ms  Path: /.well-known/jwks.json  Protocol: http  status: 200
[2024-08-17T18:27:23.609] [INFO] [RECORD] - Response time is: 15ms  Path: /admin/generate  Protocol: http  status: 400
[2024-08-17T18:28:45.524] [INFO] [RECORD] - Response time is: 26411ms  Path: /admin/generate  Protocol: http  status: 200
[2024-08-17T18:29:02.567] [INFO] [RECORD] - Response time is: 4ms  Path: /user/code  Protocol: http  status: 401
[2024-08-17T18:29:12.017] [INFO] [RECORD] - Response time is: 410ms  Path: /user/code  Protocol: http  status: 200
[2024-08-17T18:31:23.211] [INFO] [RECORD] - Server are listening port 11451
[2024-08-17T18:31:31.789] [INFO] [RECORD] - Response time is: 1237ms  Path: /public/login  Protocol: http  status: 200
[2024-08-17T18:31:44.796] [INFO] [RECORD] - Response time is: 1ms  Path: /.well-known/jwks.json  Protocol: http  status: 200
[2024-08-17T18:31:44.806] [INFO] [RECORD] - Response time is: 17ms  Path: /admin/generate  Protocol: http  status: 200
[2024-08-17T18:31:47.754] [INFO] [RECORD] - Response time is: 208ms  Path: /admin/generate  Protocol: http  status: 200
[2024-08-17T18:32:07.021] [INFO] [RECORD] - Response time is: 474ms  Path: /user/code  Protocol: http  status: 200
[2024-08-17T18:32:25.366] [INFO] [RECORD] - Response time is: 459ms  Path: /user/code  Protocol: http  status: 200
[2024-08-17T18:32:27.244] [INFO] [RECORD] - Response time is: 458ms  Path: /user/code  Protocol: http  status: 200
[2024-08-17T18:33:41.937] [INFO] [RECORD] - Server are listening port 11451
[2024-08-17T18:33:53.098] [INFO] [RECORD] - Response time is: 1241ms  Path: /public/login  Protocol: http  status: 200
[2024-08-17T18:34:01.409] [INFO] [RECORD] - Response time is: 2ms  Path: /.well-known/jwks.json  Protocol: http  status: 200
[2024-08-17T18:34:01.867] [INFO] [RECORD] - Response time is: 466ms  Path: /user/code  Protocol: http  status: 200
[2024-08-17T18:36:54.471] [INFO] [RECORD] - Server are listening port 11451
[2024-08-17T18:36:58.721] [INFO] [RECORD] - Response time is: 1286ms  Path: /public/login  Protocol: http  status: 200
[2024-08-17T18:37:08.166] [INFO] [RECORD] - Response time is: 2ms  Path: /.well-known/jwks.json  Protocol: http  status: 200
[2024-08-17T18:37:08.923] [INFO] [RECORD] - Response time is: 764ms  Path: /user/code  Protocol: http  status: 200
[2024-08-17T18:37:11.702] [INFO] [RECORD] - Response time is: 268ms  Path: /user/code  Protocol: http  status: 200
[2024-08-17T18:37:13.657] [INFO] [RECORD] - Response time is: 268ms  Path: /user/code  Protocol: http  status: 200
[2024-08-17T18:37:14.773] [INFO] [RECORD] - Response time is: 269ms  Path: /user/code  Protocol: http  status: 200
[2024-08-17T18:37:15.829] [INFO] [RECORD] - Response time is: 268ms  Path: /user/code  Protocol: http  status: 200
[2024-08-17T18:37:22.843] [INFO] [RECORD] - Response time is: 264ms  Path: /user/code  Protocol: http  status: 200
[2024-08-17T18:37:29.168] [INFO] [RECORD] - Response time is: 6ms  Path: /admin/generate  Protocol: http  status: 401
[2024-08-17T18:37:37.121] [INFO] [RECORD] - Response time is: 212ms  Path: /admin/generate  Protocol: http  status: 200
[2024-08-17T18:37:49.301] [INFO] [RECORD] - Response time is: 735ms  Path: /user/code  Protocol: http  status: 200
[2024-08-17T18:38:02.635] [INFO] [RECORD] - Response time is: 209ms  Path: /admin/generate  Protocol: http  status: 200
[2024-08-17T18:38:12.415] [INFO] [RECORD] - Response time is: 733ms  Path: /user/code  Protocol: http  status: 200
[2024-08-17T18:38:59.010] [INFO] [RECORD] - Response time is: 207ms  Path: /public/login  Protocol: http  status: 200
[2024-08-17T18:39:48.321] [INFO] [RECORD] - Server are listening port 11451
[2024-08-17T18:39:55.231] [INFO] [RECORD] - Response time is: 1268ms  Path: /public/login  Protocol: http  status: 200
[2024-08-17T18:40:04.573] [INFO] [RECORD] - Response time is: 1ms  Path: /.well-known/jwks.json  Protocol: http  status: 200
[2024-08-17T18:40:04.841] [INFO] [RECORD] - Response time is: 276ms  Path: /user/code  Protocol: http  status: 200
[2024-08-17T18:40:09.824] [INFO] [RECORD] - Response time is: 210ms  Path: /admin/generate  Protocol: http  status: 200
[2024-08-17T18:40:22.806] [INFO] [RECORD] - Response time is: 930ms  Path: /user/code  Protocol: http  status: 200
[2024-08-17T18:40:46.789] [INFO] [RECORD] - Response time is: 207ms  Path: /public/login  Protocol: http  status: 200
[2024-08-17T18:41:55.796] [INFO] [RECORD] - Response time is: 207ms  Path: /public/register  Protocol: http  status: 200
[2024-08-17T18:41:57.589] [INFO] [RECORD] - Response time is: 205ms  Path: /public/register  Protocol: http  status: 200
[2024-08-17T18:42:41.806] [INFO] [RECORD] - Response time is: 813ms  Path: /public/register  Protocol: http  status: 200
[2024-08-17T18:42:57.151] [INFO] [RECORD] - Response time is: 207ms  Path: /public/login  Protocol: http  status: 200
[2024-08-17T18:43:27.794] [INFO] [RECORD] - Response time is: 204ms  Path: /public/register  Protocol: http  status: 200
[2024-08-17T18:44:20.728] [INFO] [RECORD] - Response time is: 0ms  Path: /.well-known/jwks.json  Protocol: http  status: 200
[2024-08-17T18:44:21.749] [INFO] [RECORD] - Response time is: 1ms  Path: /.well-known/jwks.json  Protocol: http  status: 200
[2024-08-17T18:48:01.021] [INFO] [RECORD] - Response time is: 206ms  Path: /public/login  Protocol: http  status: 200
[2024-08-17T18:48:14.585] [INFO] [RECORD] - Response time is: 206ms  Path: /public/login  Protocol: http  status: 200
[2024-08-17T18:48:22.659] [INFO] [RECORD] - Response time is: 2ms  Path: /admin/generate  Protocol: http  status: 200
[2024-08-17T20:00:44.309] [INFO] [RECORD] - Server are listening port 11451
[2024-08-17T20:01:04.574] [INFO] [RECORD] - Server are listening port 11451
[2024-08-17T20:04:23.592] [INFO] [RECORD] - Server are listening port 11451
